<?xml version="1.0" encoding="UTF-8"?>
<!-- Generated by org.testng.reporters.JUnitReportReporter -->
<testsuite hostname="DESKTOP-L4VPBC1" failures="0" tests="1" name="com.vtiger.sdet31.ProductsTest" time="27.724" errors="0" timestamp="2022-03-16T22:09:40 IST" skipped="0">
  <testcase classname="com.vtiger.sdet31.ProductsTest" name="product" time="27.724"/>
  <system-out/>
</testsuite> <!-- com.vtiger.sdet31.ProductsTest -->
