<?xml version="1.0" encoding="UTF-8"?>
<!-- Generated by org.testng.reporters.JUnitReportReporter -->
<testsuite hostname="DESKTOP-L4VPBC1" failures="0" tests="1" name="practice.Hike" time="0.031" errors="0" timestamp="2022-03-15T17:11:25 IST" skipped="0">
  <testcase classname="practice.Hike" name="commentPic" time="0.031"/>
  <system-out/>
</testsuite> <!-- practice.Hike -->
