<?xml version="1.0" encoding="UTF-8"?>
<!-- Generated by org.testng.reporters.JUnitReportReporter -->
<testsuite hostname="DESKTOP-L4VPBC1" failures="0" tests="1" name="com.vtiger.sdet31.CreateNewLeadsTest" time="10.018" errors="0" timestamp="2022-03-16T22:37:37 IST" skipped="0">
  <testcase classname="com.vtiger.sdet31.CreateNewLeadsTest" name="createNewLeads" time="10.018"/>
  <system-out/>
</testsuite> <!-- com.vtiger.sdet31.CreateNewLeadsTest -->
