<?xml version="1.0" encoding="UTF-8"?>
<!-- Generated by org.testng.reporters.JUnitReportReporter -->
<testsuite hostname="DESKTOP-L4VPBC1" failures="0" tests="1" name="com.vtiger.sdet31.ContactOrgTest" time="21.955" errors="0" timestamp="2022-03-16T22:06:01 IST" skipped="0">
  <testcase classname="com.vtiger.sdet31.ContactOrgTest" name="contactOrg" time="21.955"/>
  <system-out/>
</testsuite> <!-- com.vtiger.sdet31.ContactOrgTest -->
