<?xml version="1.0" encoding="UTF-8"?>
<!-- Generated by org.testng.reporters.JUnitReportReporter -->
<testsuite hostname="DESKTOP-L4VPBC1" failures="0" tests="5" name="practice.ContactTest" time="68.972" errors="0" timestamp="2022-03-14T12:01:53 IST" skipped="0">
  <testcase classname="practice.ContactTest" name="multipledata" time="17.126"/>
  <system-out/>
  <testcase classname="practice.ContactTest" name="multipledata" time="13.243"/>
  <system-out/>
  <testcase classname="practice.ContactTest" name="multipledata" time="12.502"/>
  <system-out/>
  <testcase classname="practice.ContactTest" name="multipledata" time="12.232"/>
  <system-out/>
  <testcase classname="practice.ContactTest" name="multipledata" time="13.869"/>
  <system-out/>
</testsuite> <!-- practice.ContactTest -->
