<?xml version="1.0" encoding="UTF-8"?>
<!-- Generated by org.testng.reporters.JUnitReportReporter -->
<testsuite hostname="DESKTOP-L4VPBC1" failures="0" tests="1" name="com.vtiger.sdet31.CreateOrgWithIndustryTest2" time="14.689" errors="0" timestamp="2022-03-16T22:00:01 IST" skipped="0">
  <testcase classname="com.vtiger.sdet31.CreateOrgWithIndustryTest2" name="createOrganisation" time="14.689"/>
  <system-out/>
</testsuite> <!-- com.vtiger.sdet31.CreateOrgWithIndustryTest2 -->
