<?xml version="1.0" encoding="UTF-8"?>
<!-- Generated by org.testng.reporters.JUnitReportReporter -->
<testsuite hostname="DESKTOP-L4VPBC1" failures="0" tests="1" name="practice.Twitter" time="0.005" errors="0" timestamp="2022-03-15T17:21:57 IST" skipped="0">
  <testcase classname="practice.Twitter" name="homePage" time="0.005"/>
  <system-out/>
</testsuite> <!-- practice.Twitter -->
