<?xml version="1.0" encoding="UTF-8"?>
<!-- Generated by org.testng.reporters.JUnitReportReporter -->
<testsuite hostname="DESKTOP-L4VPBC1" failures="0" tests="1" name="organisationtest.CreateOrgWithIndustryTest2" time="47.263" errors="0" timestamp="2022-03-14T23:00:01 IST" skipped="0">
  <testcase classname="organisationtest.CreateOrgWithIndustryTest2" name="createOrganisation" time="47.263"/>
  <system-out/>
</testsuite> <!-- organisationtest.CreateOrgWithIndustryTest2 -->
