<?xml version="1.0" encoding="UTF-8"?>
<!-- Generated by org.testng.reporters.JUnitReportReporter -->
<testsuite hostname="DESKTOP-L4VPBC1" failures="0" tests="1" name="practice.Orkut" time="0.028" errors="0" timestamp="2022-03-15T17:21:57 IST" skipped="0">
  <testcase classname="practice.Orkut" name="uploadPic" time="0.028"/>
  <system-out/>
</testsuite> <!-- practice.Orkut -->
